This is pdfTeX, Version 3.14159265-2.6-1.40.21 (TeX Live 2020/W32TeX) (preloaded format=pdflatex 2021.3.23)  27 JUN 2022 16:55
entering extended mode
 restricted \write18 enabled.
 %&-line parsing enabled.
**dispense_modunivar.tex
(./dispense_modunivar.tex
LaTeX2e <2020-10-01> patch level 4
L3 programming layer <2021-02-18> (c:/Users/Camillo/AppData/Roaming/TinyTeX/tex
mf-dist/tex/latex/base/book.cls
Document Class: book 2020/04/10 v1.4m Standard LaTeX document class
(c:/Users/Camillo/AppData/Roaming/TinyTeX/texmf-dist/tex/latex/base/bk11.clo
File: bk11.clo 2020/04/10 v1.4m Standard LaTeX file (size option)
)
\c@part=\count179
\c@chapter=\count180
\c@section=\count181
\c@subsection=\count182
\c@subsubsection=\count183
\c@paragraph=\count184
\c@subparagraph=\count185
\c@figure=\count186
\c@table=\count187
\abovecaptionskip=\skip47
\belowcaptionskip=\skip48
\bibindent=\dimen138
)
(c:/Users/Camillo/AppData/Roaming/TinyTeX/texmf-dist/tex/latex/etoolbox/etoolbo
x.sty
Package: etoolbox 2020/10/05 v2.5k e-TeX tools for LaTeX (JAW)
\etb@tempcnta=\count188
)
(c:/Users/Camillo/AppData/Roaming/TinyTeX/texmf-dist/tex/latex/amsmath/amsmath.
sty
Package: amsmath 2020/09/23 v2.17i AMS math features
\@mathmargin=\skip49
For additional information on amsmath, use the `?' option.

(c:/Users/Camillo/AppData/Roaming/TinyTeX/texmf-dist/tex/latex/amsmath/amstext.
sty
Package: amstext 2000/06/29 v2.01 AMS text

(c:/Users/Camillo/AppData/Roaming/TinyTeX/texmf-dist/tex/latex/amsmath/amsgen.s
ty
File: amsgen.sty 1999/11/30 v2.0 generic functions
\@emptytoks=\toks15
\ex@=\dimen139
))
(c:/Users/Camillo/AppData/Roaming/TinyTeX/texmf-dist/tex/latex/amsmath/amsbsy.s
ty
Package: amsbsy 1999/11/29 v1.2d Bold Symbols
\pmbraise@=\dimen140
)
(c:/Users/Camillo/AppData/Roaming/TinyTeX/texmf-dist/tex/latex/amsmath/amsopn.s
ty
Package: amsopn 2016/03/08 v2.02 operator names
)
\inf@bad=\count189
LaTeX Info: Redefining \frac on input line 234.
\uproot@=\count190
\leftroot@=\count191
LaTeX Info: Redefining \overline on input line 399.
\classnum@=\count192
\DOTSCASE@=\count193
LaTeX Info: Redefining \ldots on input line 496.
LaTeX Info: Redefining \dots on input line 499.
LaTeX Info: Redefining \cdots on input line 620.
\Mathstrutbox@=\box47
\strutbox@=\box48
\big@size=\dimen141
LaTeX Font Info:    Redeclaring font encoding OML on input line 743.
LaTeX Font Info:    Redeclaring font encoding OMS on input line 744.
\macc@depth=\count194
\c@MaxMatrixCols=\count195
\dotsspace@=\muskip16
\c@parentequation=\count196
\dspbrk@lvl=\count197
\tag@help=\toks16
\row@=\count198
\column@=\count199
\maxfields@=\count266
\andhelp@=\toks17
\eqnshift@=\dimen142
\alignsep@=\dimen143
\tagshift@=\dimen144
\tagwidth@=\dimen145
\totwidth@=\dimen146
\lineht@=\dimen147
\@envbody=\toks18
\multlinegap=\skip50
\multlinetaggap=\skip51
\mathdisplay@stack=\toks19
LaTeX Info: Redefining \[ on input line 2923.
LaTeX Info: Redefining \] on input line 2924.
)
(c:/Users/Camillo/AppData/Roaming/TinyTeX/texmf-dist/tex/latex/amsfonts/amssymb
.sty
Package: amssymb 2013/01/14 v3.01 AMS font symbols

(c:/Users/Camillo/AppData/Roaming/TinyTeX/texmf-dist/tex/latex/amsfonts/amsfont
s.sty
Package: amsfonts 2013/01/14 v3.01 Basic AMSFonts support
\symAMSa=\mathgroup4
\symAMSb=\mathgroup5
LaTeX Font Info:    Redeclaring math symbol \hbar on input line 98.
LaTeX Font Info:    Overwriting math alphabet `\mathfrak' in version `bold'
(Font)                  U/euf/m/n --> U/euf/b/n on input line 106.
)) (c:/Users/Camillo/AppData/Roaming/TinyTeX/texmf-dist/tex/latex/lm/lmodern.st
y
Package: lmodern 2009/10/30 v1.6 Latin Modern Fonts
LaTeX Font Info:    Overwriting symbol font `operators' in version `normal'
(Font)                  OT1/cmr/m/n --> OT1/lmr/m/n on input line 22.
LaTeX Font Info:    Overwriting symbol font `letters' in version `normal'
(Font)                  OML/cmm/m/it --> OML/lmm/m/it on input line 23.
LaTeX Font Info:    Overwriting symbol font `symbols' in version `normal'
(Font)                  OMS/cmsy/m/n --> OMS/lmsy/m/n on input line 24.
LaTeX Font Info:    Overwriting symbol font `largesymbols' in version `normal'
(Font)                  OMX/cmex/m/n --> OMX/lmex/m/n on input line 25.
LaTeX Font Info:    Overwriting symbol font `operators' in version `bold'
(Font)                  OT1/cmr/bx/n --> OT1/lmr/bx/n on input line 26.
LaTeX Font Info:    Overwriting symbol font `letters' in version `bold'
(Font)                  OML/cmm/b/it --> OML/lmm/b/it on input line 27.
LaTeX Font Info:    Overwriting symbol font `symbols' in version `bold'
(Font)                  OMS/cmsy/b/n --> OMS/lmsy/b/n on input line 28.
LaTeX Font Info:    Overwriting symbol font `largesymbols' in version `bold'
(Font)                  OMX/cmex/m/n --> OMX/lmex/m/n on input line 29.
LaTeX Font Info:    Overwriting math alphabet `\mathbf' in version `normal'
(Font)                  OT1/cmr/bx/n --> OT1/lmr/bx/n on input line 31.
LaTeX Font Info:    Overwriting math alphabet `\mathsf' in version `normal'
(Font)                  OT1/cmss/m/n --> OT1/lmss/m/n on input line 32.
LaTeX Font Info:    Overwriting math alphabet `\mathit' in version `normal'
(Font)                  OT1/cmr/m/it --> OT1/lmr/m/it on input line 33.
LaTeX Font Info:    Overwriting math alphabet `\mathtt' in version `normal'
(Font)                  OT1/cmtt/m/n --> OT1/lmtt/m/n on input line 34.
LaTeX Font Info:    Overwriting math alphabet `\mathbf' in version `bold'
(Font)                  OT1/cmr/bx/n --> OT1/lmr/bx/n on input line 35.
LaTeX Font Info:    Overwriting math alphabet `\mathsf' in version `bold'
(Font)                  OT1/cmss/bx/n --> OT1/lmss/bx/n on input line 36.
LaTeX Font Info:    Overwriting math alphabet `\mathit' in version `bold'
(Font)                  OT1/cmr/bx/it --> OT1/lmr/bx/it on input line 37.
LaTeX Font Info:    Overwriting math alphabet `\mathtt' in version `bold'
(Font)                  OT1/cmtt/m/n --> OT1/lmtt/m/n on input line 38.
)
(c:/Users/Camillo/AppData/Roaming/TinyTeX/texmf-dist/tex/generic/iftex/iftex.st
y
Package: iftex 2020/03/06 v1.0d TeX engine tests
)
(c:/Users/Camillo/AppData/Roaming/TinyTeX/texmf-dist/tex/latex/base/fontenc.sty
Package: fontenc 2020/08/10 v2.0s Standard LaTeX package
LaTeX Font Info:    Trying to load font information for T1+lmr on input line 11
2.
(c:/Users/Camillo/AppData/Roaming/TinyTeX/texmf-dist/tex/latex/lm/t1lmr.fd
File: t1lmr.fd 2009/10/30 v1.6 Font defs for Latin Modern
))
(c:/Users/Camillo/AppData/Roaming/TinyTeX/texmf-dist/tex/latex/base/inputenc.st
y
Package: inputenc 2020/08/01 v1.3d Input encoding file
\inpenc@prehook=\toks20
\inpenc@posthook=\toks21
)
(c:/Users/Camillo/AppData/Roaming/TinyTeX/texmf-dist/tex/latex/base/textcomp.st
y
Package: textcomp 2020/02/02 v2.0n Standard LaTeX package
)
(c:/Users/Camillo/AppData/Roaming/TinyTeX/texmf-dist/tex/latex/xcolor/xcolor.st
y
Package: xcolor 2016/05/11 v2.12 LaTeX color extensions (UK)

(c:/Users/Camillo/AppData/Roaming/TinyTeX/texmf-dist/tex/latex/graphics-cfg/col
or.cfg
File: color.cfg 2016/01/02 v1.6 sample color configuration
)
Package xcolor Info: Driver file: pdftex.def on input line 225.

(c:/Users/Camillo/AppData/Roaming/TinyTeX/texmf-dist/tex/latex/graphics-def/pdf
tex.def
File: pdftex.def 2020/10/05 v1.2a Graphics/color driver for pdftex
)
Package xcolor Info: Model `cmy' substituted by `cmy0' on input line 1348.
Package xcolor Info: Model `hsb' substituted by `rgb' on input line 1352.
Package xcolor Info: Model `RGB' extended on input line 1364.
Package xcolor Info: Model `HTML' substituted by `rgb' on input line 1366.
Package xcolor Info: Model `Hsb' substituted by `hsb' on input line 1367.
Package xcolor Info: Model `tHsb' substituted by `hsb' on input line 1368.
Package xcolor Info: Model `HSB' substituted by `hsb' on input line 1369.
Package xcolor Info: Model `Gray' substituted by `gray' on input line 1370.
Package xcolor Info: Model `wave' substituted by `hsb' on input line 1371.

(c:/Users/Camillo/AppData/Roaming/TinyTeX/texmf-dist/tex/latex/graphics/dvipsna
m.def
File: dvipsnam.def 2016/06/17 v3.0m Driver-dependent file (DPC,SPQR)
)
(c:/Users/Camillo/AppData/Roaming/TinyTeX/texmf-dist/tex/latex/xcolor/svgnam.de
f
File: svgnam.def 2016/05/11 v2.12 Predefined colors according to SVG 1.1 (UK)
)
(c:/Users/Camillo/AppData/Roaming/TinyTeX/texmf-dist/tex/latex/xcolor/x11nam.de
f
File: x11nam.def 2016/05/11 v2.12 Predefined colors according to Unix/X11 (UK)
))
(c:/Users/Camillo/AppData/Roaming/TinyTeX/texmf-dist/tex/latex/hyperref/hyperre
f.sty
Package: hyperref 2021-02-27 v7.00k Hypertext links for LaTeX

(c:/Users/Camillo/AppData/Roaming/TinyTeX/texmf-dist/tex/generic/ltxcmds/ltxcmd
s.sty
Package: ltxcmds 2020-05-10 v1.25 LaTeX kernel commands for general use (HO)
)
(c:/Users/Camillo/AppData/Roaming/TinyTeX/texmf-dist/tex/generic/pdftexcmds/pdf
texcmds.sty
Package: pdftexcmds 2020-06-27 v0.33 Utility functions of pdfTeX for LuaTeX (HO
)

(c:/Users/Camillo/AppData/Roaming/TinyTeX/texmf-dist/tex/generic/infwarerr/infw
arerr.sty
Package: infwarerr 2019/12/03 v1.5 Providing info/warning/error messages (HO)
)
Package pdftexcmds Info: \pdf@primitive is available.
Package pdftexcmds Info: \pdf@ifprimitive is available.
Package pdftexcmds Info: \pdfdraftmode found.
)
(c:/Users/Camillo/AppData/Roaming/TinyTeX/texmf-dist/tex/latex/graphics/keyval.
sty
Package: keyval 2014/10/28 v1.15 key=value parser (DPC)
\KV@toks@=\toks22
)
(c:/Users/Camillo/AppData/Roaming/TinyTeX/texmf-dist/tex/generic/kvsetkeys/kvse
tkeys.sty
Package: kvsetkeys 2019/12/15 v1.18 Key value parser (HO)
)
(c:/Users/Camillo/AppData/Roaming/TinyTeX/texmf-dist/tex/generic/kvdefinekeys/k
vdefinekeys.sty
Package: kvdefinekeys 2019-12-19 v1.6 Define keys (HO)
)
(c:/Users/Camillo/AppData/Roaming/TinyTeX/texmf-dist/tex/generic/pdfescape/pdfe
scape.sty
Package: pdfescape 2019/12/09 v1.15 Implements pdfTeX's escape features (HO)
)
(c:/Users/Camillo/AppData/Roaming/TinyTeX/texmf-dist/tex/latex/hycolor/hycolor.
sty
Package: hycolor 2020-01-27 v1.10 Color options for hyperref/bookmark (HO)
)
(c:/Users/Camillo/AppData/Roaming/TinyTeX/texmf-dist/tex/latex/letltxmacro/letl
txmacro.sty
Package: letltxmacro 2019/12/03 v1.6 Let assignment for LaTeX macros (HO)
)
(c:/Users/Camillo/AppData/Roaming/TinyTeX/texmf-dist/tex/latex/auxhook/auxhook.
sty
Package: auxhook 2019-12-17 v1.6 Hooks for auxiliary files (HO)
)
(c:/Users/Camillo/AppData/Roaming/TinyTeX/texmf-dist/tex/latex/kvoptions/kvopti
ons.sty
Package: kvoptions 2020-10-07 v3.14 Key value format for package options (HO)
)
\@linkdim=\dimen148
\Hy@linkcounter=\count267
\Hy@pagecounter=\count268

(c:/Users/Camillo/AppData/Roaming/TinyTeX/texmf-dist/tex/latex/hyperref/pd1enc.
def
File: pd1enc.def 2021-02-27 v7.00k Hyperref: PDFDocEncoding definition (HO)
Now handling font encoding PD1 ...
... no UTF-8 mapping file for font encoding PD1
)
(c:/Users/Camillo/AppData/Roaming/TinyTeX/texmf-dist/tex/latex/hyperref/hyperre
f-langpatches.def
File: hyperref-langpatches.def 2021-02-27 v7.00k Hyperref: patches for babel la
nguages
)
(c:/Users/Camillo/AppData/Roaming/TinyTeX/texmf-dist/tex/generic/intcalc/intcal
c.sty
Package: intcalc 2019/12/15 v1.3 Expandable calculations with integers (HO)
)
(c:/Users/Camillo/AppData/Roaming/TinyTeX/texmf-dist/tex/generic/etexcmds/etexc
mds.sty
Package: etexcmds 2019/12/15 v1.7 Avoid name clashes with e-TeX commands (HO)
)
\Hy@SavedSpaceFactor=\count269

(c:/Users/Camillo/AppData/Roaming/TinyTeX/texmf-dist/tex/latex/hyperref/puenc.d
ef
File: puenc.def 2021-02-27 v7.00k Hyperref: PDF Unicode definition (HO)
Now handling font encoding PU ...
... no UTF-8 mapping file for font encoding PU
)
Package hyperref Info: Option `unicode' set `true' on input line 4073.
Package hyperref Info: Hyper figures OFF on input line 4192.
Package hyperref Info: Link nesting OFF on input line 4197.
Package hyperref Info: Hyper index ON on input line 4200.
Package hyperref Info: Plain pages OFF on input line 4207.
Package hyperref Info: Backreferencing OFF on input line 4212.
Package hyperref Info: Implicit mode ON; LaTeX internals redefined.
Package hyperref Info: Bookmarks ON on input line 4445.
\c@Hy@tempcnt=\count270
(c:/Users/Camillo/AppData/Roaming/TinyTeX/texmf-dist/tex/latex/url/url.sty
\Urlmuskip=\muskip17
Package: url 2013/09/16  ver 3.4  Verb mode for urls, etc.
)
LaTeX Info: Redefining \url on input line 4804.
\XeTeXLinkMargin=\dimen149

(c:/Users/Camillo/AppData/Roaming/TinyTeX/texmf-dist/tex/generic/bitset/bitset.
sty
Package: bitset 2019/12/09 v1.3 Handle bit-vector datatype (HO)

(c:/Users/Camillo/AppData/Roaming/TinyTeX/texmf-dist/tex/generic/bigintcalc/big
intcalc.sty
Package: bigintcalc 2019/12/15 v1.5 Expandable calculations on big integers (HO
)
))
\Fld@menulength=\count271
\Field@Width=\dimen150
\Fld@charsize=\dimen151
Package hyperref Info: Hyper figures OFF on input line 6075.
Package hyperref Info: Link nesting OFF on input line 6080.
Package hyperref Info: Hyper index ON on input line 6083.
Package hyperref Info: backreferencing OFF on input line 6090.
Package hyperref Info: Link coloring OFF on input line 6095.
Package hyperref Info: Link coloring with OCG OFF on input line 6100.
Package hyperref Info: PDF/A mode OFF on input line 6105.
LaTeX Info: Redefining \ref on input line 6145.
LaTeX Info: Redefining \pageref on input line 6149.

(c:/Users/Camillo/AppData/Roaming/TinyTeX/texmf-dist/tex/latex/base/atbegshi-lt
x.sty
Package: atbegshi-ltx 2020/08/17 v1.0a Emulation of the original atbegshi packa
ge
with kernel methods
)
\Hy@abspage=\count272
\c@Item=\count273
\c@Hfootnote=\count274
)
Package hyperref Info: Driver (autodetected): hpdftex.

(c:/Users/Camillo/AppData/Roaming/TinyTeX/texmf-dist/tex/latex/hyperref/hpdftex
.def
File: hpdftex.def 2021-02-27 v7.00k Hyperref driver for pdfTeX

(c:/Users/Camillo/AppData/Roaming/TinyTeX/texmf-dist/tex/latex/base/atveryend-l
tx.sty
Package: atveryend-ltx 2020/08/19 v1.0a Emulation of the original atvery packag
e
with kernel methods
)
\Fld@listcount=\count275
\c@bookmark@seq@number=\count276

(c:/Users/Camillo/AppData/Roaming/TinyTeX/texmf-dist/tex/latex/rerunfilecheck/r
erunfilecheck.sty
Package: rerunfilecheck 2019/12/05 v1.9 Rerun checks for auxiliary files (HO)

(c:/Users/Camillo/AppData/Roaming/TinyTeX/texmf-dist/tex/generic/uniquecounter/
uniquecounter.sty
Package: uniquecounter 2019/12/15 v1.4 Provide unlimited unique counter (HO)
)
Package uniquecounter Info: New unique counter `rerunfilecheck' on input line 2
86.
)
\Hy@SectionHShift=\skip52
)
Package hyperref Info: Option `colorlinks' set `true' on input line 59.

(c:/Users/Camillo/AppData/Roaming/TinyTeX/texmf-dist/tex/latex/geometry/geometr
y.sty
Package: geometry 2020/01/02 v5.9 Page Geometry

(c:/Users/Camillo/AppData/Roaming/TinyTeX/texmf-dist/tex/generic/iftex/ifvtex.s
ty
Package: ifvtex 2019/10/25 v1.7 ifvtex legacy package. Use iftex instead.
)
\Gm@cnth=\count277
\Gm@cntv=\count278
\c@Gm@tempcnt=\count279
\Gm@bindingoffset=\dimen152
\Gm@wd@mp=\dimen153
\Gm@odd@mp=\dimen154
\Gm@even@mp=\dimen155
\Gm@layoutwidth=\dimen156
\Gm@layoutheight=\dimen157
\Gm@layouthoffset=\dimen158
\Gm@layoutvoffset=\dimen159
\Gm@dimlist=\toks23
)
(c:/Users/Camillo/AppData/Roaming/TinyTeX/texmf-dist/tex/latex/tools/longtable.
sty
Package: longtable 2020/01/07 v4.13 Multi-page Table package (DPC)
\LTleft=\skip53
\LTright=\skip54
\LTpre=\skip55
\LTpost=\skip56
\LTchunksize=\count280
\LTcapwidth=\dimen160
\LT@head=\box49
\LT@firsthead=\box50
\LT@foot=\box51
\LT@lastfoot=\box52
\LT@cols=\count281
\LT@rows=\count282
\c@LT@tables=\count283
\c@LT@chunks=\count284
\LT@p@ftn=\toks24
)
(c:/Users/Camillo/AppData/Roaming/TinyTeX/texmf-dist/tex/latex/booktabs/booktab
s.sty
Package: booktabs 2020/01/12 v1.61803398 Publication quality tables
\heavyrulewidth=\dimen161
\lightrulewidth=\dimen162
\cmidrulewidth=\dimen163
\belowrulesep=\dimen164
\belowbottomsep=\dimen165
\aboverulesep=\dimen166
\abovetopsep=\dimen167
\cmidrulesep=\dimen168
\cmidrulekern=\dimen169
\defaultaddspace=\dimen170
\@cmidla=\count285
\@cmidlb=\count286
\@aboverulesep=\dimen171
\@belowrulesep=\dimen172
\@thisruleclass=\count287
\@lastruleclass=\count288
\@thisrulewidth=\dimen173
) (c:/Users/Camillo/AppData/Roaming/TinyTeX/texmf-dist/tex/latex/tools/array.st
y
Package: array 2020/10/01 v2.5c Tabular extension package (FMi)
\col@sep=\dimen174
\ar@mcellbox=\box53
\extrarowheight=\dimen175
\NC@list=\toks25
\extratabsurround=\skip57
\backup@length=\skip58
\ar@cellbox=\box54
) (c:/Users/Camillo/AppData/Roaming/TinyTeX/texmf-dist/tex/latex/tools/calc.sty
Package: calc 2017/05/25 v4.3 Infix arithmetic (KKT,FJ)
\calc@Acount=\count289
\calc@Bcount=\count290
\calc@Adimen=\dimen176
\calc@Bdimen=\dimen177
\calc@Askip=\skip59
\calc@Bskip=\skip60
LaTeX Info: Redefining \setlength on input line 80.
LaTeX Info: Redefining \addtolength on input line 81.
\calc@Ccount=\count291
\calc@Cskip=\skip61
)
(c:/Users/Camillo/AppData/Roaming/TinyTeX/texmf-dist/tex/latex/mdwtools/footnot
e.sty
Package: footnote 1997/01/28 1.13 Save footnotes around boxes
\fn@notes=\box55
\fn@width=\dimen178
)
(c:/Users/Camillo/AppData/Roaming/TinyTeX/texmf-dist/tex/latex/graphics/graphic
x.sty
Package: graphicx 2020/09/09 v1.2b Enhanced LaTeX Graphics (DPC,SPQR)

(c:/Users/Camillo/AppData/Roaming/TinyTeX/texmf-dist/tex/latex/graphics/graphic
s.sty
Package: graphics 2020/08/30 v1.4c Standard LaTeX Graphics (DPC,SPQR)

(c:/Users/Camillo/AppData/Roaming/TinyTeX/texmf-dist/tex/latex/graphics/trig.st
y
Package: trig 2016/01/03 v1.10 sin cos tan (DPC)
)
(c:/Users/Camillo/AppData/Roaming/TinyTeX/texmf-dist/tex/latex/graphics-cfg/gra
phics.cfg
File: graphics.cfg 2016/06/04 v1.11 sample graphics configuration
)
Package graphics Info: Driver file: pdftex.def on input line 105.
)
\Gin@req@height=\dimen179
\Gin@req@width=\dimen180
)
(c:/Users/Camillo/AppData/Roaming/TinyTeX/texmf-dist/tex/generic/babel/babel.st
y
Package: babel 2021/03/03 3.55 The Babel package

(c:/Users/Camillo/AppData/Roaming/TinyTeX/texmf-dist/tex/generic/babel/babel.de
f
File: babel.def 2021/03/03 3.55 Babel common definitions
\babel@savecnt=\count292
\U@D=\dimen181
\l@babelnohyphens=\language4

(c:/Users/Camillo/AppData/Roaming/TinyTeX/texmf-dist/tex/generic/babel/txtbabel
.def)
\bbl@readstream=\read2
)
\bbl@dirlevel=\count293

(c:/Users/Camillo/AppData/Roaming/TinyTeX/texmf-dist/tex/generic/babel-italian/
italian.ldf
Language: italian 2020/05/21 v.1.4.04 Italian support for the babel system
\it@lettering=\count294
\it@doublequoteactive=\count295
\it@ISOcompliance=\count296
))
(c:/Users/Camillo/AppData/Roaming/TinyTeX/texmf-dist/tex/latex/arydshln/arydshl
n.sty
Package: arydshln 2019/02/21 v1.76 
\dashlinedash=\dimen182
\dashlinegap=\dimen183
\adl@box=\box56
\adl@height=\dimen184
\adl@heightsave=\dimen185
\adl@depth=\dimen186
\adl@depthsave=\dimen187
\adl@finaldepth=\dimen188
\adl@columns=\count297
\adl@ncol=\count298
\adl@currentcolumn=\count299
\adl@currentcolumnsave=\count300
\adl@totalheight=\count301
\adl@totalheightsave=\count302
\adl@dash=\count303
\adl@gap=\count304
\adl@cla=\count305
\adl@clb=\count306
\adl@everyvbox=\toks26
\adl@LTpagetotal=\dimen189
)
(c:/Users/Camillo/AppData/Roaming/TinyTeX/texmf-dist/tex/latex/natbib/natbib.st
y
Package: natbib 2010/09/13 8.31b (PWD, AO)
\bibhang=\skip62
\bibsep=\skip63
LaTeX Info: Redefining \cite on input line 694.
\c@NAT@ctr=\count307
)
(c:/Users/Camillo/AppData/Roaming/TinyTeX/texmf-dist/tex/latex/l3backend/l3back
end-pdftex.def
File: l3backend-pdftex.def 2021-03-18 L3 backend support: PDF output (pdfTeX)
\l__color_backend_stack_int=\count308
\l__pdf_internal_box=\box57
) (./dispense_modunivar.aux)
\openout1 = `dispense_modunivar.aux'.

LaTeX Font Info:    Checking defaults for OML/cmm/m/it on input line 106.
LaTeX Font Info:    ... okay on input line 106.
LaTeX Font Info:    Checking defaults for OMS/cmsy/m/n on input line 106.
LaTeX Font Info:    ... okay on input line 106.
LaTeX Font Info:    Checking defaults for OT1/cmr/m/n on input line 106.
LaTeX Font Info:    ... okay on input line 106.
LaTeX Font Info:    Checking defaults for T1/cmr/m/n on input line 106.
LaTeX Font Info:    ... okay on input line 106.
LaTeX Font Info:    Checking defaults for TS1/cmr/m/n on input line 106.
LaTeX Font Info:    ... okay on input line 106.
LaTeX Font Info:    Checking defaults for OMX/cmex/m/n on input line 106.
LaTeX Font Info:    ... okay on input line 106.
LaTeX Font Info:    Checking defaults for U/cmr/m/n on input line 106.
LaTeX Font Info:    ... okay on input line 106.
LaTeX Font Info:    Checking defaults for PD1/pdf/m/n on input line 106.
LaTeX Font Info:    ... okay on input line 106.
LaTeX Font Info:    Checking defaults for PU/pdf/m/n on input line 106.
LaTeX Font Info:    ... okay on input line 106.

(c:/Users/Camillo/AppData/Roaming/TinyTeX/texmf-dist/tex/latex/epstopdf-pkg/eps
topdf-base.sty
Package: epstopdf-base 2020-01-24 v2.11 Base part for package epstopdf
Package epstopdf-base Info: Redefining graphics rule for `.eps' on input line 4
85.

(c:/Users/Camillo/AppData/Roaming/TinyTeX/texmf-dist/tex/latex/latexconfig/epst
opdf-sys.cfg
File: epstopdf-sys.cfg 2010/07/13 v1.3 Configuration of (r)epstopdf for TeX Liv
e
))
Package hyperref Info: Link coloring ON on input line 106.

(c:/Users/Camillo/AppData/Roaming/TinyTeX/texmf-dist/tex/latex/hyperref/nameref
.sty
Package: nameref 2021-04-02 v2.47 Cross-referencing by name of section

(c:/Users/Camillo/AppData/Roaming/TinyTeX/texmf-dist/tex/latex/refcount/refcoun
t.sty
Package: refcount 2019/12/15 v3.6 Data extraction from label references (HO)
)
(c:/Users/Camillo/AppData/Roaming/TinyTeX/texmf-dist/tex/generic/gettitlestring
/gettitlestring.sty
Package: gettitlestring 2019/12/15 v1.6 Cleanup title references (HO)
)
\c@section@level=\count309
)
LaTeX Info: Redefining \ref on input line 106.
LaTeX Info: Redefining \pageref on input line 106.
LaTeX Info: Redefining \nameref on input line 106.
(./dispense_modunivar.out) (./dispense_modunivar.out)
\@outlinefile=\write3
\openout3 = `dispense_modunivar.out'.

*geometry* driver: auto-detecting
*geometry* detected driver: pdftex
*geometry* verbose mode - [ preamble ] result:
* driver: pdftex
* paper: <default>
* layout: <same size as paper>
* layoutoffset:(h,v)=(0.0pt,0.0pt)
* modes: twoside 
* h-part:(L,W,R)=(56.9055pt, 486.25761pt, 71.13188pt)
* v-part:(T,H,B)=(71.13188pt, 652.70622pt, 71.13188pt)
* \paperwidth=614.295pt
* \paperheight=794.96999pt
* \textwidth=486.25761pt
* \textheight=652.70622pt
* \oddsidemargin=-15.36449pt
* \evensidemargin=-1.1381pt
* \topmargin=-33.0119pt
* \headheight=12.0pt
* \headsep=19.8738pt
* \topskip=11.0pt
* \footskip=27.46295pt
* \marginparwidth=116.0pt
* \marginparsep=7.0pt
* \columnsep=10.0pt
* \skip\footins=10.0pt plus 4.0pt minus 2.0pt
* \hoffset=0.0pt
* \voffset=0.0pt
* \mag=1000
* \@twocolumnfalse
* \@twosidetrue
* \@mparswitchtrue
* \@reversemarginfalse
* (1in=72.27pt=25.4mm, 1cm=28.453pt)

LaTeX Info: Redefining \it@ocap on input line 106.
LaTeX Info: Redefining \it@ccap on input line 106.
LaTeX Font Info:    Trying to load font information for OT1+lmr on input line 1
08.
(c:/Users/Camillo/AppData/Roaming/TinyTeX/texmf-dist/tex/latex/lm/ot1lmr.fd
File: ot1lmr.fd 2009/10/30 v1.6 Font defs for Latin Modern
)
LaTeX Font Info:    Trying to load font information for OML+lmm on input line 1
08.
(c:/Users/Camillo/AppData/Roaming/TinyTeX/texmf-dist/tex/latex/lm/omllmm.fd
File: omllmm.fd 2009/10/30 v1.6 Font defs for Latin Modern
)
LaTeX Font Info:    Trying to load font information for OMS+lmsy on input line 
108.
(c:/Users/Camillo/AppData/Roaming/TinyTeX/texmf-dist/tex/latex/lm/omslmsy.fd
File: omslmsy.fd 2009/10/30 v1.6 Font defs for Latin Modern
)
LaTeX Font Info:    Trying to load font information for OMX+lmex on input line 
108.
(c:/Users/Camillo/AppData/Roaming/TinyTeX/texmf-dist/tex/latex/lm/omxlmex.fd
File: omxlmex.fd 2009/10/30 v1.6 Font defs for Latin Modern
)
LaTeX Font Info:    External font `lmex10' loaded for size
(Font)              <12> on input line 108.
LaTeX Font Info:    External font `lmex10' loaded for size
(Font)              <8> on input line 108.
LaTeX Font Info:    External font `lmex10' loaded for size
(Font)              <6> on input line 108.
LaTeX Font Info:    Trying to load font information for U+msa on input line 108
.

(c:/Users/Camillo/AppData/Roaming/TinyTeX/texmf-dist/tex/latex/amsfonts/umsa.fd
File: umsa.fd 2013/01/14 v3.01 AMS symbols A
)
LaTeX Font Info:    Trying to load font information for U+msb on input line 108
.

(c:/Users/Camillo/AppData/Roaming/TinyTeX/texmf-dist/tex/latex/amsfonts/umsb.fd
File: umsb.fd 2013/01/14 v3.01 AMS symbols B
) [1


{c:/Users/Camillo/AppData/Roaming/TinyTeX/texmf-var/fonts/map/pdftex/updmap/pdf
tex.map}] [2

] (./dispense_modunivar.toc
LaTeX Font Info:    External font `lmex10' loaded for size
(Font)              <10.95> on input line 7.
)
\tf@toc=\write4
\openout4 = `dispense_modunivar.toc'.

[3] [4

] [5] [6

] [7] [8]
LaTeX Font Info:    Trying to load font information for TS1+lmr on input line 2
18.
(c:/Users/Camillo/AppData/Roaming/TinyTeX/texmf-dist/tex/latex/lm/ts1lmr.fd
File: ts1lmr.fd 2009/10/30 v1.6 Font defs for Latin Modern
) [9] [10]
Capitolo 1.
<Immagini/Descrittiva/1_Resa_estrattiva.png, id=152, 963.6pt x 542.025pt>
File: Immagini/Descrittiva/1_Resa_estrattiva.png Graphic file (type png)
<use Immagini/Descrittiva/1_Resa_estrattiva.png>
Package pdftex.def Info: Immagini/Descrittiva/1_Resa_estrattiva.png  used on in
put line 280.
(pdftex.def)             Requested size: 486.25394pt x 273.51782pt.
<Immagini/Descrittiva/2_TabelladatiResa estrattiva.png, id=154, 963.6pt x 542.0
25pt>
File: Immagini/Descrittiva/2_TabelladatiResa estrattiva.png Graphic file (type 
png)
<use Immagini/Descrittiva/2_TabelladatiResa estrattiva.png>
Package pdftex.def Info: Immagini/Descrittiva/2_TabelladatiResa estrattiva.png 
 used on input line 291.
(pdftex.def)             Requested size: 486.25394pt x 273.51782pt.
[11

 <./Immagini/Descrittiva/1_Resa_estrattiva.png>]
<Immagini/Descrittiva/3_SummaryResa_estrattiva.png, id=161, 963.6pt x 542.025pt
>
File: Immagini/Descrittiva/3_SummaryResa_estrattiva.png Graphic file (type png)

<use Immagini/Descrittiva/3_SummaryResa_estrattiva.png>
Package pdftex.def Info: Immagini/Descrittiva/3_SummaryResa_estrattiva.png  use
d on input line 302.
(pdftex.def)             Requested size: 486.25394pt x 273.51782pt.
<Immagini/Descrittiva/4_Graf_dispers Resa_estrattiva.png, id=162, 963.6pt x 542
.025pt>
File: Immagini/Descrittiva/4_Graf_dispers Resa_estrattiva.png Graphic file (typ
e png)
<use Immagini/Descrittiva/4_Graf_dispers Resa_estrattiva.png>
Package pdftex.def Info: Immagini/Descrittiva/4_Graf_dispers Resa_estrattiva.pn
g  used on input line 314.
(pdftex.def)             Requested size: 486.25394pt x 273.51782pt.
<Immagini/Descrittiva/5_IstogResaestrattiva.png, id=163, 963.6pt x 542.025pt>
File: Immagini/Descrittiva/5_IstogResaestrattiva.png Graphic file (type png)
<use Immagini/Descrittiva/5_IstogResaestrattiva.png>
Package pdftex.def Info: Immagini/Descrittiva/5_IstogResaestrattiva.png  used o
n input line 327.
(pdftex.def)             Requested size: 486.25394pt x 273.51782pt.
[12 <./Immagini/Descrittiva/2_TabelladatiResa estrattiva.png>] [13 <./Immagini/
Descrittiva/3_SummaryResa_estrattiva.png> <./Immagini/Descrittiva/4_Graf_disper
s Resa_estrattiva.png>]
<Immagini/Descrittiva/6_BoxplotRestrattiva.png, id=180, 963.6pt x 542.025pt>
File: Immagini/Descrittiva/6_BoxplotRestrattiva.png Graphic file (type png)
<use Immagini/Descrittiva/6_BoxplotRestrattiva.png>
Package pdftex.def Info: Immagini/Descrittiva/6_BoxplotRestrattiva.png  used on
 input line 338.
(pdftex.def)             Requested size: 486.25394pt x 273.51782pt.
[14 <./Immagini/Descrittiva/5_IstogResaestrattiva.png>] [15 <./Immagini/Descrit
tiva/6_BoxplotRestrattiva.png>] [16

]
Capitolo 2.
LaTeX Font Info:    Trying to load font information for T1+lmtt on input line 3
59.
(c:/Users/Camillo/AppData/Roaming/TinyTeX/texmf-dist/tex/latex/lm/t1lmtt.fd
File: t1lmtt.fd 2009/10/30 v1.6 Font defs for Latin Modern
) [17]
<Immagini/Inferenziale/misura1.png, id=206, 585.21074pt x 404.53574pt>
File: Immagini/Inferenziale/misura1.png Graphic file (type png)
<use Immagini/Inferenziale/misura1.png>
Package pdftex.def Info: Immagini/Inferenziale/misura1.png  used on input line 
391.
(pdftex.def)             Requested size: 170.18896pt x 117.64568pt.
<Immagini/Inferenziale/misura2.png, id=207, 585.21074pt x 404.53574pt>
File: Immagini/Inferenziale/misura2.png Graphic file (type png)
<use Immagini/Inferenziale/misura2.png>
Package pdftex.def Info: Immagini/Inferenziale/misura2.png  used on input line 
392.
(pdftex.def)             Requested size: 170.18896pt x 117.64568pt.
<Immagini/Inferenziale/misura3.png, id=208, 585.21074pt x 404.53574pt>
File: Immagini/Inferenziale/misura3.png Graphic file (type png)
<use Immagini/Inferenziale/misura3.png>
Package pdftex.def Info: Immagini/Inferenziale/misura3.png  used on input line 
393.
(pdftex.def)             Requested size: 170.18896pt x 117.64568pt.

Overfull \hbox (29.17595pt too wide) in paragraph at lines 391--394
[][] [] [] 
 []

<Immagini/Inferenziale/probamis.png, id=209, 585.21074pt x 404.53574pt>
File: Immagini/Inferenziale/probamis.png Graphic file (type png)
<use Immagini/Inferenziale/probamis.png>
Package pdftex.def Info: Immagini/Inferenziale/probamis.png  used on input line
 397.
(pdftex.def)             Requested size: 243.12581pt x 168.06438pt.
[18 <./Immagini/Inferenziale/misura1.png> <./Immagini/Inferenziale/misura2.png>
 <./Immagini/Inferenziale/misura3.png> <./Immagini/Inferenziale/probamis.png>]
<Immagini/Inferenziale/varianza_media.png, id=219, 499.8675pt x 345.54094pt>
File: Immagini/Inferenziale/varianza_media.png Graphic file (type png)
<use Immagini/Inferenziale/varianza_media.png>
Package pdftex.def Info: Immagini/Inferenziale/varianza_media.png  used on inpu
t line 428.
(pdftex.def)             Requested size: 243.12953pt x 168.06694pt.
[19 <./Immagini/Inferenziale/varianza_media.png>]
<Immagini/Inferenziale/simulazione_media.png, id=229, 1030.60031pt x 578.91281p
t>
File: Immagini/Inferenziale/simulazione_media.png Graphic file (type png)
<use Immagini/Inferenziale/simulazione_media.png>
Package pdftex.def Info: Immagini/Inferenziale/simulazione_media.png  used on i
nput line 457.
(pdftex.def)             Requested size: 243.11891pt x 136.5657pt.
<Immagini/Inferenziale/simulazione_media1.png, id=230, 671.91568pt x 403.34473p
t>
File: Immagini/Inferenziale/simulazione_media1.png Graphic file (type png)
<use Immagini/Inferenziale/simulazione_media1.png>
Package pdftex.def Info: Immagini/Inferenziale/simulazione_media1.png  used on 
input line 461.
(pdftex.def)             Requested size: 170.19305pt x 102.1653pt.
<Immagini/Inferenziale/simulazione_media2.png, id=231, 671.91568pt x 403.34473p
t>
File: Immagini/Inferenziale/simulazione_media2.png Graphic file (type png)
<use Immagini/Inferenziale/simulazione_media2.png>
Package pdftex.def Info: Immagini/Inferenziale/simulazione_media2.png  used on 
input line 462.
(pdftex.def)             Requested size: 170.19305pt x 102.1653pt.
<Immagini/Inferenziale/simulazione_media3.png, id=232, 671.91568pt x 403.34473p
t>
File: Immagini/Inferenziale/simulazione_media3.png Graphic file (type png)
<use Immagini/Inferenziale/simulazione_media3.png>
Package pdftex.def Info: Immagini/Inferenziale/simulazione_media3.png  used on 
input line 463.
(pdftex.def)             Requested size: 170.19305pt x 102.1653pt.

Overfull \hbox (29.18822pt too wide) in paragraph at lines 461--464
[][] [] [] 
 []

<Immagini/Inferenziale/simulazione_media4.png, id=233, 671.91568pt x 403.34473p
t>
File: Immagini/Inferenziale/simulazione_media4.png Graphic file (type png)
<use Immagini/Inferenziale/simulazione_media4.png>
Package pdftex.def Info: Immagini/Inferenziale/simulazione_media4.png  used on 
input line 467.
(pdftex.def)             Requested size: 243.13002pt x 145.94868pt.

Underfull \vbox (badness 2478) has occurred while \output is active []

[20 <./Immagini/Inferenziale/simulazione_media.png> <./Immagini/Inferenziale/si
mulazione_media1.png> <./Immagini/Inferenziale/simulazione_media2.png> <./Immag
ini/Inferenziale/simulazione_media3.png>]
<Immagini/Inferenziale/intconf1.png, id=243, 671.91568pt x 403.34473pt>
File: Immagini/Inferenziale/intconf1.png Graphic file (type png)
<use Immagini/Inferenziale/intconf1.png>
Package pdftex.def Info: Immagini/Inferenziale/intconf1.png  used on input line
 496.
(pdftex.def)             Requested size: 170.19305pt x 102.1653pt.
<Immagini/Inferenziale/intconf2.png, id=244, 671.91568pt x 403.34473pt>
File: Immagini/Inferenziale/intconf2.png Graphic file (type png)
<use Immagini/Inferenziale/intconf2.png>
Package pdftex.def Info: Immagini/Inferenziale/intconf2.png  used on input line
 497.
(pdftex.def)             Requested size: 170.19305pt x 102.1653pt.
<Immagini/Inferenziale/intconf3.png, id=245, 671.91568pt x 403.34473pt>
File: Immagini/Inferenziale/intconf3.png Graphic file (type png)
<use Immagini/Inferenziale/intconf3.png>
Package pdftex.def Info: Immagini/Inferenziale/intconf3.png  used on input line
 498.
(pdftex.def)             Requested size: 170.19305pt x 102.1653pt.

Overfull \hbox (29.18822pt too wide) in paragraph at lines 496--499
[][] [] [] 
 []

[21 <./Immagini/Inferenziale/simulazione_media4.png> <./Immagini/Inferenziale/i
ntconf1.png> <./Immagini/Inferenziale/intconf2.png> <./Immagini/Inferenziale/in
tconf3.png>]
<Immagini/Inferenziale/test_ip.png, id=255, 1027.58907pt x 578.16pt>
File: Immagini/Inferenziale/test_ip.png Graphic file (type png)
<use Immagini/Inferenziale/test_ip.png>
Package pdftex.def Info: Immagini/Inferenziale/test_ip.png  used on input line 
521.
(pdftex.def)             Requested size: 243.12984pt x 136.79393pt.
<Immagini/Inferenziale/test_ip1.png, id=256, 778.545pt x 402.96pt>
File: Immagini/Inferenziale/test_ip1.png Graphic file (type png)
<use Immagini/Inferenziale/test_ip1.png>
Package pdftex.def Info: Immagini/Inferenziale/test_ip1.png  used on input line
 525.
(pdftex.def)             Requested size: 170.1875pt x 88.08578pt.
<Immagini/Inferenziale/test_ip2.png, id=257, 671.91568pt x 403.34473pt>
File: Immagini/Inferenziale/test_ip2.png Graphic file (type png)
<use Immagini/Inferenziale/test_ip2.png>
Package pdftex.def Info: Immagini/Inferenziale/test_ip2.png  used on input line
 526.
(pdftex.def)             Requested size: 170.19305pt x 102.1653pt.
<Immagini/Inferenziale/test_ip3.png, id=258, 671.91568pt x 403.34473pt>
File: Immagini/Inferenziale/test_ip3.png Graphic file (type png)
<use Immagini/Inferenziale/test_ip3.png>
Package pdftex.def Info: Immagini/Inferenziale/test_ip3.png  used on input line
 527.
(pdftex.def)             Requested size: 170.19305pt x 102.1653pt.

Overfull \hbox (29.18266pt too wide) in paragraph at lines 525--528
[][] [] [] 
 []

[22 <./Immagini/Inferenziale/test_ip.png> <./Immagini/Inferenziale/test_ip1.png
> <./Immagini/Inferenziale/test_ip2.png> <./Immagini/Inferenziale/test_ip3.png>
]
<Immagini/Inferenziale/pval.png, id=270, 671.91568pt x 403.34473pt>
File: Immagini/Inferenziale/pval.png Graphic file (type png)
<use Immagini/Inferenziale/pval.png>
Package pdftex.def Info: Immagini/Inferenziale/pval.png  used on input line 548
.
(pdftex.def)             Requested size: 243.13002pt x 145.94868pt.
<Immagini/Inferenziale/pval1.png, id=271, 671.91568pt x 403.34473pt>
File: Immagini/Inferenziale/pval1.png Graphic file (type png)
<use Immagini/Inferenziale/pval1.png>
Package pdftex.def Info: Immagini/Inferenziale/pval1.png  used on input line 54
9.
(pdftex.def)             Requested size: 243.13002pt x 145.94868pt.

Overfull \hbox (2.43576pt too wide) in paragraph at lines 548--550
[][] [] 
 []

<Immagini/Inferenziale/test_ip4.png, id=272, 813.79031pt x 487.06969pt>
File: Immagini/Inferenziale/test_ip4.png Graphic file (type png)
<use Immagini/Inferenziale/test_ip4.png>
Package pdftex.def Info: Immagini/Inferenziale/test_ip4.png  used on input line
 555.
(pdftex.def)             Requested size: 243.12074pt x 145.51259pt.
[23 <./Immagini/Inferenziale/pval.png> <./Immagini/Inferenziale/pval1.png>]
<Immagini/Inferenziale/test_ip_verfipo.png, id=279, 846.16125pt x 536.0025pt>
File: Immagini/Inferenziale/test_ip_verfipo.png Graphic file (type png)
<use Immagini/Inferenziale/test_ip_verfipo.png>
Package pdftex.def Info: Immagini/Inferenziale/test_ip_verfipo.png  used on inp
ut line 569.
(pdftex.def)             Requested size: 243.12099pt x 154.00546pt.
[24 <./Immagini/Inferenziale/test_ip4.png> <./Immagini/Inferenziale/test_ip_ver
fipo.png>]
<Immagini/Inferenziale/student.png, id=288, 361.35pt x 289.08pt>
File: Immagini/Inferenziale/student.png Graphic file (type png)
<use Immagini/Inferenziale/student.png>
Package pdftex.def Info: Immagini/Inferenziale/student.png  used on input line 
592.
(pdftex.def)             Requested size: 243.1288pt x 194.50304pt.
[25 <./Immagini/Inferenziale/student.png>]
<Immagini/Inferenziale/t_test.png, id=297, 816.80156pt x 575.14874pt>
File: Immagini/Inferenziale/t_test.png Graphic file (type png)
<use Immagini/Inferenziale/t_test.png>
Package pdftex.def Info: Immagini/Inferenziale/t_test.png  used on input line 6
31.
(pdftex.def)             Requested size: 243.123pt x 171.19444pt.
[26 <./Immagini/Inferenziale/t_test.png>]
<Immagini/Inferenziale/variabili.png, id=305, 791.20593pt x 339.51843pt>
File: Immagini/Inferenziale/variabili.png Graphic file (type png)
<use Immagini/Inferenziale/variabili.png>
Package pdftex.def Info: Immagini/Inferenziale/variabili.png  used on input lin
e 661.
(pdftex.def)             Requested size: 243.12234pt x 104.32747pt.
<Immagini/Inferenziale/t_test_accoppiati.png, id=306, 828.09375pt x 525.46312pt
>
File: Immagini/Inferenziale/t_test_accoppiati.png Graphic file (type png)
<use Immagini/Inferenziale/t_test_accoppiati.png>
Package pdftex.def Info: Immagini/Inferenziale/t_test_accoppiati.png  used on i
nput line 668.
(pdftex.def)             Requested size: 243.12306pt x 154.27263pt.

Underfull \vbox (badness 1424) has occurred while \output is active []

[27 <./Immagini/Inferenziale/variabili.png>] [28 <./Immagini/Inferenziale/t_tes
t_accoppiati.png>] [29]
<Immagini/Inferenziale/t_test_indip_1.png, id=328, 813.79031pt x 574.39594pt>
File: Immagini/Inferenziale/t_test_indip_1.png Graphic file (type png)
<use Immagini/Inferenziale/t_test_indip_1.png>
Package pdftex.def Info: Immagini/Inferenziale/t_test_indip_1.png  used on inpu
t line 762.
(pdftex.def)             Requested size: 243.12074pt x 171.60141pt.
<Immagini/Inferenziale/t_test_indip_2.png, id=329, 813.79031pt x 573.64313pt>
File: Immagini/Inferenziale/t_test_indip_2.png Graphic file (type png)
<use Immagini/Inferenziale/t_test_indip_2.png>
Package pdftex.def Info: Immagini/Inferenziale/t_test_indip_2.png  used on inpu
t line 763.
(pdftex.def)             Requested size: 243.12074pt x 171.37651pt.

Overfull \hbox (2.4172pt too wide) in paragraph at lines 762--764
[][] [] 
 []

<Immagini/Inferenziale/distr_f.png, id=330, 368.87813pt x 250.68657pt>
File: Immagini/Inferenziale/distr_f.png Graphic file (type png)
<use Immagini/Inferenziale/distr_f.png>
Package pdftex.def Info: Immagini/Inferenziale/distr_f.png  used on input line 
780.
(pdftex.def)             Requested size: 243.12822pt x 165.22795pt.
[30 <./Immagini/Inferenziale/t_test_indip_1.png> <./Immagini/Inferenziale/t_tes
t_indip_2.png> <./Immagini/Inferenziale/distr_f.png>]
<Immagini/Inferenziale/f_test.png, id=339, 816.80156pt x 444.91219pt>
File: Immagini/Inferenziale/f_test.png Graphic file (type png)
<use Immagini/Inferenziale/f_test.png>
Package pdftex.def Info: Immagini/Inferenziale/f_test.png  used on input line 7
99.
(pdftex.def)             Requested size: 243.123pt x 132.4292pt.
[31 <./Immagini/Inferenziale/f_test.png>] [32

]
Capitolo 3.
<Immagini/Regressione/01_graf_retta.png, id=351, 517.935pt x 306.39468pt>
File: Immagini/Regressione/01_graf_retta.png Graphic file (type png)
<use Immagini/Regressione/01_graf_retta.png>
Package pdftex.def Info: Immagini/Regressione/01_graf_retta.png  used on input 
line 814.
(pdftex.def)             Requested size: 243.12915pt x 143.82787pt.
<Immagini/Regressione/02_graf_dati.png, id=352, 328.22626pt x 143.78719pt>
File: Immagini/Regressione/02_graf_dati.png Graphic file (type png)
<use Immagini/Regressione/02_graf_dati.png>
Package pdftex.def Info: Immagini/Regressione/02_graf_dati.png  used on input l
ine 833.
(pdftex.def)             Requested size: 243.12903pt x 106.50835pt.
[33 <./Immagini/Regressione/01_graf_retta.png>]
LaTeX Font Info:    External font `lmex10' loaded for size
(Font)              <14.4> on input line 852.
LaTeX Font Info:    External font `lmex10' loaded for size
(Font)              <10> on input line 852.
LaTeX Font Info:    External font `lmex10' loaded for size
(Font)              <7> on input line 852.
<Immagini/Regressione/04_min_sq.png, id=358, 305.64188pt x 157.33781pt>
File: Immagini/Regressione/04_min_sq.png Graphic file (type png)
<use Immagini/Regressione/04_min_sq.png>
Package pdftex.def Info: Immagini/Regressione/04_min_sq.png  used on input line
 861.
(pdftex.def)             Requested size: 243.1287pt x 125.15738pt.
[34 <./Immagini/Regressione/02_graf_dati.png>]
<Immagini/Regressione/05_stima_pt.png, id=367, 271.0125pt x 119.69719pt>
File: Immagini/Regressione/05_stima_pt.png Graphic file (type png)
<use Immagini/Regressione/05_stima_pt.png>
Package pdftex.def Info: Immagini/Regressione/05_stima_pt.png  used on input li
ne 895.
(pdftex.def)             Requested size: 243.13568pt x 107.38492pt.
[35 <./Immagini/Regressione/04_min_sq.png>]
<Immagini/Regressione/06_stima_interv.png, id=373, 286.06876pt x 257.46187pt>
File: Immagini/Regressione/06_stima_interv.png Graphic file (type png)
<use Immagini/Regressione/06_stima_interv.png>
Package pdftex.def Info: Immagini/Regressione/06_stima_interv.png  used on inpu
t line 938.
(pdftex.def)             Requested size: 243.13339pt x 218.82004pt.
[36 <./Immagini/Regressione/05_stima_pt.png>]
<Immagini/Regressione/07_R_output.png, id=380, 523.20468pt x 352.31625pt>
File: Immagini/Regressione/07_R_output.png Graphic file (type png)
<use Immagini/Regressione/07_R_output.png>
Package pdftex.def Info: Immagini/Regressione/07_R_output.png  used on input li
ne 944.
(pdftex.def)             Requested size: 243.12799pt x 163.71783pt.
[37 <./Immagini/Regressione/06_stima_interv.png> <./Immagini/Regressione/07_R_o
utput.png>]
<Immagini/Regressione/08_prev.png, id=389, 356.83313pt x 152.82094pt>
File: Immagini/Regressione/08_prev.png Graphic file (type png)
<use Immagini/Regressione/08_prev.png>
Package pdftex.def Info: Immagini/Regressione/08_prev.png  used on input line 9
60.
(pdftex.def)             Requested size: 243.1279pt x 104.12437pt.
<Immagini/Regressione/11_lev.png, id=390, 581.17125pt x 322.95656pt>
File: Immagini/Regressione/11_lev.png Graphic file (type png)
<use Immagini/Regressione/11_lev.png>
Package pdftex.def Info: Immagini/Regressione/11_lev.png  used on input line 98
4.
(pdftex.def)             Requested size: 243.13252pt x 135.10861pt.

Underfull \vbox (badness 1117) has occurred while \output is active []

[38 <./Immagini/Regressione/08_prev.png>]
<Immagini/Regressione/09_int_conf_prev.png, id=396, 499.11469pt x 344.78813pt>
File: Immagini/Regressione/09_int_conf_prev.png Graphic file (type png)
<use Immagini/Regressione/09_int_conf_prev.png>
Package pdftex.def Info: Immagini/Regressione/09_int_conf_prev.png  used on inp
ut line 1002.
(pdftex.def)             Requested size: 243.12892pt x 167.95332pt.
<Immagini/Regressione/10_int_conf_prev_numerico.png, id=397, 253.69781pt x 178.
41656pt>
File: Immagini/Regressione/10_int_conf_prev_numerico.png Graphic file (type png
)
<use Immagini/Regressione/10_int_conf_prev_numerico.png>
Package pdftex.def Info: Immagini/Regressione/10_int_conf_prev_numerico.png  us
ed on input line 1008.
(pdftex.def)             Requested size: 243.1368pt x 170.98935pt.
[39 <./Immagini/Regressione/11_lev.png> <./Immagini/Regressione/09_int_conf_pre
v.png>]
<Immagini/Regressione/12_ipotesi1.png, id=404, 884.55469pt x 420.82219pt>
File: Immagini/Regressione/12_ipotesi1.png Graphic file (type png)
<use Immagini/Regressione/12_ipotesi1.png>
Package pdftex.def Info: Immagini/Regressione/12_ipotesi1.png  used on input li
ne 1024.
(pdftex.def)             Requested size: 243.12506pt x 115.66545pt.
[40 <./Immagini/Regressione/10_int_conf_prev_numerico.png> <./Immagini/Regressi
one/12_ipotesi1.png>]
<Immagini/Regressione/13_ipotesi2.png, id=412, 882.29625pt x 453.19313pt>
File: Immagini/Regressione/13_ipotesi2.png Graphic file (type png)
<use Immagini/Regressione/13_ipotesi2.png>
Package pdftex.def Info: Immagini/Regressione/13_ipotesi2.png  used on input li
ne 1033.
(pdftex.def)             Requested size: 243.12361pt x 124.88089pt.
<Immagini/Regressione/14_ipotesi3.png, id=413, 874.76813pt x 448.67625pt>
File: Immagini/Regressione/14_ipotesi3.png Graphic file (type png)
<use Immagini/Regressione/14_ipotesi3.png>
Package pdftex.def Info: Immagini/Regressione/14_ipotesi3.png  used on input li
ne 1043.
(pdftex.def)             Requested size: 243.11809pt x 124.6974pt.
<Immagini/Regressione/15_ipotesi4.png, id=414, 781.41937pt x 424.58624pt>
File: Immagini/Regressione/15_ipotesi4.png Graphic file (type png)
<use Immagini/Regressione/15_ipotesi4.png>
Package pdftex.def Info: Immagini/Regressione/15_ipotesi4.png  used on input li
ne 1052.
(pdftex.def)             Requested size: 243.13176pt x 132.10626pt.
[41 <./Immagini/Regressione/13_ipotesi2.png> <./Immagini/Regressione/14_ipotesi
3.png> <./Immagini/Regressione/15_ipotesi4.png>] [42

]
Capitolo 4.
<Immagini/Anova/01_var_quali.png, id=427, 493.0922pt x 186.6975pt>
File: Immagini/Anova/01_var_quali.png Graphic file (type png)
<use Immagini/Anova/01_var_quali.png>
Package pdftex.def Info: Immagini/Anova/01_var_quali.png  used on input line 10
89.
(pdftex.def)             Requested size: 243.12961pt x 92.05518pt.
[43]
<Immagini/Anova/02_bp.png, id=434, 657.95813pt x 432.86719pt>
File: Immagini/Anova/02_bp.png Graphic file (type png)
<use Immagini/Anova/02_bp.png>
Package pdftex.def Info: Immagini/Anova/02_bp.png  used on input line 1093.
(pdftex.def)             Requested size: 243.12947pt x 159.95358pt.
<Immagini/Anova/03_summary.png, id=435, 505.13719pt x 303.38344pt>
File: Immagini/Anova/03_summary.png Graphic file (type png)
<use Immagini/Anova/03_summary.png>
Package pdftex.def Info: Immagini/Anova/03_summary.png  used on input line 1111
.
(pdftex.def)             Requested size: 243.13367pt x 146.02513pt.
[44 <./Immagini/Anova/01_var_quali.png> <./Immagini/Anova/02_bp.png>]
<Immagini/Anova/04_anova1.png, id=442, 802.49812pt x 413.29407pt>
File: Immagini/Anova/04_anova1.png Graphic file (type png)
<use Immagini/Anova/04_anova1.png>
Package pdftex.def Info: Immagini/Anova/04_anova1.png  used on input line 1148.

(pdftex.def)             Requested size: 243.12685pt x 125.2126pt.
[45 <./Immagini/Anova/03_summary.png>]
<Immagini/Anova/05_anova2.png, id=448, 451.6875pt x 137.01187pt>
File: Immagini/Anova/05_anova2.png Graphic file (type png)
<use Immagini/Anova/05_anova2.png>
Package pdftex.def Info: Immagini/Anova/05_anova2.png  used on input line 1154.

(pdftex.def)             Requested size: 243.13568pt x 73.75114pt.
<Immagini/Anova/06_normalita.png, id=449, 1003.49907pt x 404.26031pt>
File: Immagini/Anova/06_normalita.png Graphic file (type png)
<use Immagini/Anova/06_normalita.png>
Package pdftex.def Info: Immagini/Anova/06_normalita.png  used on input line 11
67.
(pdftex.def)             Requested size: 291.75757pt x 117.53474pt.
<Immagini/Anova/07_omo1.png, id=450, 569.12625pt x 152.82094pt>
File: Immagini/Anova/07_omo1.png Graphic file (type png)
<use Immagini/Anova/07_omo1.png>
Package pdftex.def Info: Immagini/Anova/07_omo1.png  used on input line 1180.
(pdftex.def)             Requested size: 229.44408pt x 61.60997pt.
[46 <./Immagini/Anova/04_anova1.png> <./Immagini/Anova/05_anova2.png> <./Immagi
ni/Anova/06_normalita.png>]
<Immagini/Anova/08_omo2.png, id=458, 590.205pt x 170.13562pt>
File: Immagini/Anova/08_omo2.png Graphic file (type png)
<use Immagini/Anova/08_omo2.png>
Package pdftex.def Info: Immagini/Anova/08_omo2.png  used on input line 1188.
(pdftex.def)             Requested size: 229.44054pt x 66.13974pt.
<Immagini/Anova/09_omo3.png, id=459, 579.66562pt x 177.66376pt>
File: Immagini/Anova/09_omo3.png Graphic file (type png)
<use Immagini/Anova/09_omo3.png>
Package pdftex.def Info: Immagini/Anova/09_omo3.png  used on input line 1196.
(pdftex.def)             Requested size: 229.43861pt x 70.32144pt.
<Immagini/Anova/10_omo4.png, id=460, 582.67688pt x 157.33781pt>
File: Immagini/Anova/10_omo4.png Graphic file (type png)
<use Immagini/Anova/10_omo4.png>
Package pdftex.def Info: Immagini/Anova/10_omo4.png  used on input line 1204.
(pdftex.def)             Requested size: 229.43912pt x 61.95448pt.
<Immagini/Anova/11_omo5.png, id=461, 590.205pt x 222.07968pt>
File: Immagini/Anova/11_omo5.png Graphic file (type png)
<use Immagini/Anova/11_omo5.png>
Package pdftex.def Info: Immagini/Anova/11_omo5.png  used on input line 1212.
(pdftex.def)             Requested size: 229.44054pt x 86.33286pt.
[47 <./Immagini/Anova/07_omo1.png> <./Immagini/Anova/08_omo2.png> <./Immagini/A
nova/09_omo3.png> <./Immagini/Anova/10_omo4.png> <./Immagini/Anova/11_omo5.png>
]

LaTeX Warning: Command \textperiodcentered invalid in math mode on input line 1
276.


LaTeX Warning: Command \textperiodcentered invalid in math mode on input line 1
276.


LaTeX Warning: Command \textperiodcentered invalid in math mode on input line 1
276.


LaTeX Warning: Command \textperiodcentered invalid in math mode on input line 1
276.

[48]
<Immagini/Anova/12_variab_quali.png, id=476, 487.8225pt x 209.28188pt>
File: Immagini/Anova/12_variab_quali.png Graphic file (type png)
<use Immagini/Anova/12_variab_quali.png>
Package pdftex.def Info: Immagini/Anova/12_variab_quali.png  used on input line
 1307.
(pdftex.def)             Requested size: 243.12907pt x 104.30536pt.
[49 <./Immagini/Anova/12_variab_quali.png>]
<Immagini/Anova/13_anova2.png, id=484, 797.22844pt x 370.38374pt>
File: Immagini/Anova/13_anova2.png Graphic file (type png)
<use Immagini/Anova/13_anova2.png>
Package pdftex.def Info: Immagini/Anova/13_anova2.png  used on input line 1311.

(pdftex.def)             Requested size: 243.1239pt x 112.95274pt.
<Immagini/Anova/14_anova2.png, id=485, 793.46437pt x 364.36125pt>
File: Immagini/Anova/14_anova2.png Graphic file (type png)
<use Immagini/Anova/14_anova2.png>
Package pdftex.def Info: Immagini/Anova/14_anova2.png  used on input line 1312.

(pdftex.def)             Requested size: 243.1262pt x 111.64429pt.

Overfull \hbox (2.42583pt too wide) in paragraph at lines 1311--1313
[][] [] 
 []

<Immagini/Anova/15_anova2.png, id=486, 791.20593pt x 366.61969pt>
File: Immagini/Anova/15_anova2.png Graphic file (type png)
<use Immagini/Anova/15_anova2.png>
Package pdftex.def Info: Immagini/Anova/15_anova2.png  used on input line 1314.

(pdftex.def)             Requested size: 243.12234pt x 112.65517pt.
<Immagini/Anova/16_Rout_anova2.png, id=487, 632.3625pt x 180.675pt>
File: Immagini/Anova/16_Rout_anova2.png Graphic file (type png)
<use Immagini/Anova/16_Rout_anova2.png>
Package pdftex.def Info: Immagini/Anova/16_Rout_anova2.png  used on input line 
1315.
(pdftex.def)             Requested size: 243.12743pt x 69.46497pt.

Overfull \hbox (2.42549pt too wide) in paragraph at lines 1314--1317
[][] []
 []

<Immagini/Anova/17_graf_interaz__anova2.png, id=488, 802.49812pt x 389.20406pt>

File: Immagini/Anova/17_graf_interaz__anova2.png Graphic file (type png)
<use Immagini/Anova/17_graf_interaz__anova2.png>
Package pdftex.def Info: Immagini/Anova/17_graf_interaz__anova2.png  used on in
put line 1320.
(pdftex.def)             Requested size: 243.12685pt x 117.91423pt.
[50 <./Immagini/Anova/13_anova2.png> <./Immagini/Anova/14_anova2.png> <./Immagi
ni/Anova/15_anova2.png> <./Immagini/Anova/16_Rout_anova2.png> <./Immagini/Anova
/17_graf_interaz__anova2.png>] (./dispense_modunivar.bbl) [51


] (./dispense_modunivar.aux)
Package rerunfilecheck Info: File `dispense_modunivar.out' has not changed.
(rerunfilecheck)             Checksum: A88BF7E91C1E734ABDC9DCF586ACA950;2404.
 ) 
Here is how much of TeX's memory you used:
 13178 strings out of 480951
 203015 string characters out of 5905210
 539369 words of memory out of 5000000
 29997 multiletter control sequences out of 15000+600000
 476453 words of font info for 81 fonts, out of 8000000 for 9000
 14 hyphenation exceptions out of 8191
 71i,8n,74p,870b,490s stack positions out of 5000i,500n,10000p,200000b,80000s
{c:/Users/Camillo/AppData/Roaming/TinyTeX/texmf-dist/fonts/enc/dvips/lm/lm-ts
1.enc}{c:/Users/Camillo/AppData/Roaming/TinyTeX/texmf-dist/fonts/enc/dvips/lm/l
m-mathit.enc}{c:/Users/Camillo/AppData/Roaming/TinyTeX/texmf-dist/fonts/enc/dvi
ps/lm/lm-rm.enc}{c:/Users/Camillo/AppData/Roaming/TinyTeX/texmf-dist/fonts/enc/
dvips/lm/lm-mathsy.enc}{c:/Users/Camillo/AppData/Roaming/TinyTeX/texmf-dist/fon
ts/enc/dvips/lm/lm-ec.enc}{c:/Users/Camillo/AppData/Roaming/TinyTeX/texmf-dist/
fonts/enc/dvips/lm/lm-mathex.enc}<c:/Users/Camillo/AppData/Roaming/TinyTeX/texm
f-dist/fonts/type1/public/lm/lmbx10.pfb><c:/Users/Camillo/AppData/Roaming/TinyT
eX/texmf-dist/fonts/type1/public/lm/lmbx12.pfb><c:/Users/Camillo/AppData/Roamin
g/TinyTeX/texmf-dist/fonts/type1/public/lm/lmex10.pfb><c:/Users/Camillo/AppData
/Roaming/TinyTeX/texmf-dist/fonts/type1/public/lm/lmmi10.pfb><c:/Users/Camillo/
AppData/Roaming/TinyTeX/texmf-dist/fonts/type1/public/lm/lmmi12.pfb><c:/Users/C
amillo/AppData/Roaming/TinyTeX/texmf-dist/fonts/type1/public/lm/lmmi6.pfb><c:/U
sers/Camillo/AppData/Roaming/TinyTeX/texmf-dist/fonts/type1/public/lm/lmmi8.pfb
><c:/Users/Camillo/AppData/Roaming/TinyTeX/texmf-dist/fonts/type1/public/lm/lmr
10.pfb><c:/Users/Camillo/AppData/Roaming/TinyTeX/texmf-dist/fonts/type1/public/
lm/lmr12.pfb><c:/Users/Camillo/AppData/Roaming/TinyTeX/texmf-dist/fonts/type1/p
ublic/lm/lmr17.pfb><c:/Users/Camillo/AppData/Roaming/TinyTeX/texmf-dist/fonts/t
ype1/public/lm/lmr6.pfb><c:/Users/Camillo/AppData/Roaming/TinyTeX/texmf-dist/fo
nts/type1/public/lm/lmr8.pfb><c:/Users/Camillo/AppData/Roaming/TinyTeX/texmf-di
st/fonts/type1/public/lm/lmri10.pfb><c:/Users/Camillo/AppData/Roaming/TinyTeX/t
exmf-dist/fonts/type1/public/lm/lmro10.pfb><c:/Users/Camillo/AppData/Roaming/Ti
nyTeX/texmf-dist/fonts/type1/public/lm/lmsy10.pfb><c:/Users/Camillo/AppData/Roa
ming/TinyTeX/texmf-dist/fonts/type1/public/lm/lmsy8.pfb><c:/Users/Camillo/AppDa
ta/Roaming/TinyTeX/texmf-dist/fonts/type1/public/lm/lmtt10.pfb><c:/Users/Camill
o/AppData/Roaming/TinyTeX/texmf-dist/fonts/type1/public/amsfonts/symbols/msbm10
.pfb>
Output written on dispense_modunivar.pdf (51 pages, 1622494 bytes).
PDF statistics:
 599 PDF objects out of 1000 (max. 8388607)
 393 compressed objects within 4 object streams
 115 named destinations out of 1000 (max. 500000)
 443 words of extra memory for PDF output out of 10000 (max. 10000000)

